<?xml version="1.0" encoding="UTF-8"?>
<!-- Generated by org.testng.reporters.JUnitReportReporter -->
<testsuite skipped="0" hostname="WDFV41000632D" name="tests.GetAndPostTestExamples" tests="1" failures="0" timestamp="2021-03-01T20:19:17 IST" time="2.874" errors="0">
  <testcase name="testPost" time="2.874" classname="tests.GetAndPostTestExamples"/>
  <system-out/>
</testsuite> <!-- tests.GetAndPostTestExamples -->
