<?xml version="1.0" encoding="UTF-8"?>
<!-- Generated by org.testng.reporters.JUnitReportReporter -->
<testsuite skipped="0" hostname="WDFV41000632D" name="tests.PutPatchDeleteExamples" tests="3" failures="0" timestamp="2021-03-01T20:39:37 IST" time="3.070" errors="0">
  <testcase name="testDelete" time="2.652" classname="tests.PutPatchDeleteExamples"/>
  <system-out/>
  <testcase name="testPatch" time="0.254" classname="tests.PutPatchDeleteExamples"/>
  <system-out/>
  <testcase name="testPut" time="0.164" classname="tests.PutPatchDeleteExamples"/>
  <system-out/>
</testsuite> <!-- tests.PutPatchDeleteExamples -->
