<?xml version="1.0" encoding="UTF-8"?>
<!-- Generated by org.testng.reporters.JUnitReportReporter -->
<testsuite skipped="0" hostname="WDFV41000632D" name="tests.TestsExamples" tests="2" failures="0" timestamp="2021-03-01T19:24:42 IST" time="3.920" errors="0">
  <testcase name="test_2" time="1.159" classname="tests.TestsExamples"/>
  <system-out/>
  <testcase name="test_1" time="2.761" classname="tests.TestsExamples"/>
  <system-out/>
</testsuite> <!-- tests.TestsExamples -->
